<?xml version="1.0" encoding="UTF-8"?>
<!-- Generated by org.testng.reporters.JUnitReportReporter -->
<testsuite hostname="WARNER" failures="0" tests="4" name="module2.TestPagewithExtentReport" time="8.566" errors="0" timestamp="2024-12-19T15:15:43 IST" skipped="0">
  <testcase classname="module2.TestPagewithExtentReport" name="testMenuOptionsCount" time="1.584"/>
  <system-out/>
  <testcase classname="module2.TestPagewithExtentReport" name="testSearchByUsername" time="4.085"/>
  <system-out/>
  <testcase classname="module2.TestPagewithExtentReport" name="testSearchByUserRole" time="1.721"/>
  <system-out/>
  <testcase classname="module2.TestPagewithExtentReport" name="testSearcgByUserStatus" time="1.176"/>
  <system-out/>
</testsuite> <!-- module2.TestPagewithExtentReport -->
