<?xml version="1.0" encoding="UTF-8"?>
<!-- Generated by org.testng.reporters.JUnitReportReporter -->
<testsuite hostname="WARNER" failures="0" tests="4" name="module2.TestPage" time="10.300" errors="0" timestamp="2024-12-19T14:46:48 IST" skipped="0">
  <testcase classname="module2.TestPage" name="testMenuOptionsCount" time="2.832"/>
  <system-out/>
  <testcase classname="module2.TestPage" name="testSearchByUsername" time="4.649"/>
  <system-out/>
  <testcase classname="module2.TestPage" name="testSearchByUserRole" time="1.547"/>
  <system-out/>
  <testcase classname="module2.TestPage" name="testSearcgByUserStatus" time="1.272"/>
  <system-out/>
</testsuite> <!-- module2.TestPage -->
